This file contains any messages produced by compilers while
running configure, to aid debugging if configure makes a mistake.

It was created by tdbcsqlite3 configure 1.0.6, which was
generated by GNU Autoconf 2.69.  Invocation command line was

  $ /home/pi/Downloads/tcl8.6.8/pkgs/tdbcsqlite3-1.0.6/configure --with-tcl=../.. --with-tclinclude=/home/pi/Downloads/tcl8.6.8/generic --libdir=/usr/local/lib --enable-shared --enable-threads

## --------- ##
## Platform. ##
## --------- ##

hostname = raspberrypi
uname -m = armv7l
uname -r = 4.14.70-v7+
uname -s = Linux
uname -v = #1144 SMP Tue Sep 18 17:34:46 BST 2018

/usr/bin/uname -p = unknown
/bin/uname -X     = unknown

/bin/arch              = unknown
/usr/bin/arch -k       = unknown
/usr/convex/getsysinfo = unknown
/usr/bin/hostinfo      = unknown
/bin/machine           = unknown
/usr/bin/oslevel       = unknown
/bin/universe          = unknown

PATH: /usr/local/sbin
PATH: /usr/local/bin
PATH: /usr/sbin
PATH: /usr/bin
PATH: /sbin
PATH: /bin
PATH: /usr/local/games
PATH: /usr/games


## ----------- ##
## Core tests. ##
## ----------- ##

configure:1851: checking for correct TEA configuration
configure:1864: result: ok (TEA 3.10)
configure:1946: configuring tdbcsqlite3 1.0.6
configure:2018: checking for Tcl configuration
configure:2144: result: found /home/pi/Downloads/tcl8.6.8/unix/tclConfig.sh
configure:2197: checking for gcc
configure:2213: found /usr/bin/gcc
configure:2224: result: gcc
configure:2453: checking for C compiler version
configure:2462: gcc --version >&5
gcc (Raspbian 6.3.0-18+rpi1+deb9u1) 6.3.0 20170516
Copyright (C) 2016 Free Software Foundation, Inc.
This is free software; see the source for copying conditions.  There is NO
warranty; not even for MERCHANTABILITY or FITNESS FOR A PARTICULAR PURPOSE.

configure:2473: $? = 0
configure:2462: gcc -v >&5
Using built-in specs.
COLLECT_GCC=gcc
COLLECT_LTO_WRAPPER=/usr/lib/gcc/arm-linux-gnueabihf/6/lto-wrapper
Target: arm-linux-gnueabihf
Configured with: ../src/configure -v --with-pkgversion='Raspbian 6.3.0-18+rpi1+deb9u1' --with-bugurl=file:///usr/share/doc/gcc-6/README.Bugs --enable-languages=c,ada,c++,java,go,d,fortran,objc,obj-c++ --prefix=/usr --program-suffix=-6 --program-prefix=arm-linux-gnueabihf- --enable-shared --enable-linker-build-id --libexecdir=/usr/lib --without-included-gettext --enable-threads=posix --libdir=/usr/lib --enable-nls --with-sysroot=/ --enable-clocale=gnu --enable-libstdcxx-debug --enable-libstdcxx-time=yes --with-default-libstdcxx-abi=new --enable-gnu-unique-object --disable-libitm --disable-libquadmath --enable-plugin --with-system-zlib --disable-browser-plugin --enable-java-awt=gtk --enable-gtk-cairo --with-java-home=/usr/lib/jvm/java-1.5.0-gcj-6-armhf/jre --enable-java-home --with-jvm-root-dir=/usr/lib/jvm/java-1.5.0-gcj-6-armhf --with-jvm-jar-dir=/usr/lib/jvm-exports/java-1.5.0-gcj-6-armhf --with-arch-directory=arm --with-ecj-jar=/usr/share/java/eclipse-ecj.jar --with-target-system-zlib --enable-objc-gc=auto --enable-multiarch --disable-sjlj-exceptions --with-arch=armv6 --with-fpu=vfp --with-float=hard --enable-checking=release --build=arm-linux-gnueabihf --host=arm-linux-gnueabihf --target=arm-linux-gnueabihf
Thread model: posix
gcc version 6.3.0 20170516 (Raspbian 6.3.0-18+rpi1+deb9u1) 
configure:2473: $? = 0
configure:2462: gcc -V >&5
gcc: error: unrecognized command line option '-V'
gcc: fatal error: no input files
compilation terminated.
configure:2473: $? = 1
configure:2462: gcc -qversion >&5
gcc: error: unrecognized command line option '-qversion'; did you mean '--version'?
gcc: fatal error: no input files
compilation terminated.
configure:2473: $? = 1
configure:2493: checking whether the C compiler works
configure:2515: gcc    conftest.c  >&5
configure:2519: $? = 0
configure:2567: result: yes
configure:2570: checking for C compiler default output file name
configure:2572: result: a.out
configure:2578: checking for suffix of executables
configure:2585: gcc -o conftest    conftest.c  >&5
configure:2589: $? = 0
configure:2611: result: 
configure:2633: checking whether we are cross compiling
configure:2641: gcc -o conftest    conftest.c  >&5
configure:2645: $? = 0
configure:2652: ./conftest
configure:2656: $? = 0
configure:2671: result: no
configure:2676: checking for suffix of object files
configure:2698: gcc -c   conftest.c >&5
configure:2702: $? = 0
configure:2723: result: o
configure:2727: checking whether we are using the GNU C compiler
configure:2746: gcc -c   conftest.c >&5
configure:2746: $? = 0
configure:2755: result: yes
configure:2764: checking whether gcc accepts -g
configure:2784: gcc -c -g  conftest.c >&5
configure:2784: $? = 0
configure:2825: result: yes
configure:2842: checking for gcc option to accept ISO C89
configure:2905: gcc  -c   conftest.c >&5
configure:2905: $? = 0
configure:2918: result: none needed
configure:2940: checking for existence of /home/pi/Downloads/tcl8.6.8/unix/tclConfig.sh
configure:2944: result: loading
configure:3008: checking platform
configure:3026: gcc -c   conftest.c >&5
configure:3026: $? = 0
configure:3076: result: unix
configure:3121: checking for tdbc configuration
configure:3208: result: found /home/pi/Downloads/tcl8.6.8/unix/pkgs/tdbc1.0.6/tdbcConfig.sh
configure:3214: checking for existence of /home/pi/Downloads/tcl8.6.8/unix/pkgs/tdbc1.0.6/tdbcConfig.sh
configure:3218: result: loading
configure:3236: WARNING: Found Makefile - using build library specs for tdbc
configure:3307: checking For tdbc_STUB library for LIBS
configure:3340: result: using tdbc_STUB_LIB_SPEC -L/home/pi/Downloads/tcl8.6.8/unix/pkgs/tdbc1.0.6 -ltdbcstub1.0.6
configure:3353: WARNING: Looking for "/home/pi/Downloads/tcl8.6.8/unix/pkgs/tdbc1.0.6/Makefile"
configure:3356: WARNING: Found Makefile - using build include spec and lib specs for tdbc
configure:3375: --prefix defaulting to TCL_PREFIX /usr/local
configure:3387: --exec-prefix defaulting to TCL_EXEC_PREFIX /usr/local
configure:3406: checking for Tcl public headers
configure:3477: result: /home/pi/Downloads/tcl8.6.8/generic
configure:3527: checking for pthread_mutex_init in -lpthread
configure:3552: gcc -o conftest    conftest.c -lpthread   >&5
configure:3552: $? = 0
configure:3561: result: yes
configure:3770: checking for building with threads
configure:3776: result: yes (default)
configure:3811: checking how to build libraries
configure:3845: result: shared
configure:3944: checking for tclsh
configure:3979: result: /home/pi/Downloads/tcl8.6.8/unix/tclsh
configure:4142: creating ./config.status

## ---------------------- ##
## Running config.status. ##
## ---------------------- ##

This file was extended by tdbcsqlite3 config.status 1.0.6, which was
generated by GNU Autoconf 2.69.  Invocation command line was

  CONFIG_FILES    = 
  CONFIG_HEADERS  = 
  CONFIG_LINKS    = 
  CONFIG_COMMANDS = 
  $ ./config.status 

on raspberrypi

config.status:777: creating Makefile
config.status:777: creating pkgIndex.tcl

## ---------------- ##
## Cache variables. ##
## ---------------- ##

ac_cv_c_compiler_gnu=yes
ac_cv_c_tclconfig=/home/pi/Downloads/tcl8.6.8/unix
ac_cv_c_tclh=/home/pi/Downloads/tcl8.6.8/generic
ac_cv_c_tdbcconfig=/home/pi/Downloads/tcl8.6.8/unix/pkgs/tdbc1.0.6
ac_cv_env_CC_set=
ac_cv_env_CC_value=
ac_cv_env_CFLAGS_set=
ac_cv_env_CFLAGS_value=
ac_cv_env_CPPFLAGS_set=
ac_cv_env_CPPFLAGS_value=
ac_cv_env_LDFLAGS_set=
ac_cv_env_LDFLAGS_value=
ac_cv_env_LIBS_set=
ac_cv_env_LIBS_value=
ac_cv_env_build_alias_set=
ac_cv_env_build_alias_value=
ac_cv_env_host_alias_set=
ac_cv_env_host_alias_value=
ac_cv_env_target_alias_set=
ac_cv_env_target_alias_value=
ac_cv_lib_pthread_pthread_mutex_init=yes
ac_cv_objext=o
ac_cv_prog_ac_ct_CC=gcc
ac_cv_prog_cc_c89=
ac_cv_prog_cc_g=yes

## ----------------- ##
## Output variables. ##
## ----------------- ##

CC='gcc'
CFLAGS=''
CLEANFILES=''
CPPFLAGS=''
CYGPATH='echo'
DEFS='-DPACKAGE_NAME=\"tdbcsqlite3\" -DPACKAGE_TARNAME=\"tdbcsqlite3\" -DPACKAGE_VERSION=\"1.0.6\" -DPACKAGE_STRING=\"tdbcsqlite3\ 1.0.6\" -DPACKAGE_BUGREPORT=\"\" -DPACKAGE_URL=\"\" -DBUILD_tdbcsqlite3=/\*\*/ -DUSE_THREAD_ALLOC=1 -D_REENTRANT=1 -D_THREAD_SAFE=1 -DTCL_THREADS=1 -DUSE_TCL_STUBS=1 -DUSE_TCLOO_STUBS=1'
ECHO_C=''
ECHO_N='-n'
ECHO_T=''
EXEEXT=''
LDFLAGS=''
LIBOBJS=''
LIBS=''
LTLIBOBJS=''
OBJEXT='o'
PACKAGE_BUGREPORT=''
PACKAGE_NAME='tdbcsqlite3'
PACKAGE_STRING='tdbcsqlite3 1.0.6'
PACKAGE_TARNAME='tdbcsqlite3'
PACKAGE_URL=''
PACKAGE_VERSION='1.0.6'
PATH_SEPARATOR=':'
PKG_CFLAGS=''
PKG_HEADERS=''
PKG_INCLUDES=''
PKG_LIBS=' -L/home/pi/Downloads/tcl8.6.8/unix/pkgs/tdbc1.0.6 -ltdbcstub1.0.6'
PKG_LIB_FILE=''
PKG_STUB_LIB_FILE=''
PKG_STUB_OBJECTS=''
PKG_STUB_SOURCES=''
PKG_TCL_SOURCES=' library/tdbcsqlite3.tcl'
SHARED_BUILD='1'
SHELL='/bin/bash'
STUBS_BUILD='1'
TCLSH_PROG='/home/pi/Downloads/tcl8.6.8/unix/tclsh'
TCL_BIN_DIR='/home/pi/Downloads/tcl8.6.8/unix'
TCL_DEFS='-DPACKAGE_NAME=\"tcl\" -DPACKAGE_TARNAME=\"tcl\" -DPACKAGE_VERSION=\"8.6\" -DPACKAGE_STRING=\"tcl\ 8.6\" -DPACKAGE_BUGREPORT=\"\" -DSTDC_HEADERS=1 -DHAVE_SYS_TYPES_H=1 -DHAVE_SYS_STAT_H=1 -DHAVE_STDLIB_H=1 -DHAVE_STRING_H=1 -DHAVE_MEMORY_H=1 -DHAVE_STRINGS_H=1 -DHAVE_INTTYPES_H=1 -DHAVE_STDINT_H=1 -DHAVE_UNISTD_H=1 -DHAVE_SYS_PARAM_H=1 -DUSE_THREAD_ALLOC=1 -D_REENTRANT=1 -D_THREAD_SAFE=1 -DHAVE_PTHREAD_ATTR_SETSTACKSIZE=1 -DHAVE_PTHREAD_ATFORK=1 -DTCL_THREADS=1 -DTCL_CFGVAL_ENCODING=\"iso8859-1\" -DHAVE_ZLIB=1 -DMODULE_SCOPE=extern\ __attribute__\(\(__visibility__\(\"hidden\"\)\)\) -DHAVE_HIDDEN=1 -DHAVE_CAST_TO_UNION=1 -DTCL_SHLIB_EXT=\".so\" -DNDEBUG=1 -DTCL_CFG_OPTIMIZED=1 -DTCL_TOMMATH=1 -DMP_PREC=4 -D_LARGEFILE64_SOURCE=1 -DTCL_WIDE_INT_TYPE=long\ long -DHAVE_STRUCT_DIRENT64=1 -DHAVE_STRUCT_STAT64=1 -DHAVE_OPEN64=1 -DHAVE_LSEEK64=1 -DHAVE_TYPE_OFF64_T=1 -DHAVE_GETCWD=1 -DHAVE_MKSTEMP=1 -DHAVE_OPENDIR=1 -DHAVE_STRTOL=1 -DHAVE_WAITPID=1 -DHAVE_GETNAMEINFO=1 -DHAVE_GETADDRINFO=1 -DHAVE_FREEADDRINFO=1 -DHAVE_GAI_STRERROR=1 -DHAVE_STRUCT_ADDRINFO=1 -DHAVE_STRUCT_IN6_ADDR=1 -DHAVE_STRUCT_SOCKADDR_IN6=1 -DHAVE_STRUCT_SOCKADDR_STORAGE=1 -DHAVE_GETPWUID_R_5=1 -DHAVE_GETPWUID_R=1 -DHAVE_GETPWNAM_R_5=1 -DHAVE_GETPWNAM_R=1 -DHAVE_GETGRGID_R_5=1 -DHAVE_GETGRGID_R=1 -DHAVE_GETGRNAM_R_5=1 -DHAVE_GETGRNAM_R=1 -DHAVE_GETHOSTBYNAME_R_6=1 -DHAVE_GETHOSTBYNAME_R=1 -DHAVE_GETHOSTBYADDR_R_8=1 -DHAVE_GETHOSTBYADDR_R=1 -DHAVE_TERMIOS_H=1 -DHAVE_SYS_IOCTL_H=1 -DHAVE_SYS_TIME_H=1 -DTIME_WITH_SYS_TIME=1 -DHAVE_GMTIME_R=1 -DHAVE_LOCALTIME_R=1 -DHAVE_MKTIME=1 -DHAVE_TM_GMTOFF=1 -DHAVE_TIMEZONE_VAR=1 -DHAVE_STRUCT_STAT_ST_BLOCKS=1 -DHAVE_STRUCT_STAT_ST_BLKSIZE=1 -DHAVE_BLKCNT_T=1 -DHAVE_INTPTR_T=1 -DHAVE_UINTPTR_T=1 -DNO_UNION_WAIT=1 -DHAVE_SIGNED_CHAR=1 -DHAVE_LANGINFO=1 -DHAVE_MKSTEMPS=1 -DHAVE_FTS=1 -DHAVE_SYS_IOCTL_H=1 -DTCL_UNLOAD_DLLS=1 '
TCL_EXTRA_CFLAGS=' -pipe '
TCL_INCLUDES='-I"/home/pi/Downloads/tcl8.6.8/generic"'
TCL_LD_FLAGS=' -Wl,--export-dynamic '
TCL_LIBS='-ldl -lz  -lpthread -lieee -lm'
TCL_LIB_FILE='libtcl8.6.so'
TCL_LIB_FLAG='-ltcl8.6'
TCL_LIB_SPEC='-L/home/pi/Downloads/tcl8.6.8/unix -ltcl8.6'
TCL_MAJOR_VERSION='8'
TCL_MINOR_VERSION='6'
TCL_PATCH_LEVEL='.8'
TCL_SHLIB_LD_LIBS='${LIBS}'
TCL_SRC_DIR='/home/pi/Downloads/tcl8.6.8'
TCL_STUB_LIB_FILE='libtclstub8.6.a'
TCL_STUB_LIB_FLAG='-ltclstub8.6'
TCL_STUB_LIB_SPEC='-L/home/pi/Downloads/tcl8.6.8/unix -ltclstub8.6'
TCL_THREADS='1'
TCL_VERSION='8.6'
TDBC_LIB_FILE='libtdbc1.0.6.so'
TDBC_VERSION='1.0.6'
ac_ct_CC='gcc'
bindir='${exec_prefix}/bin'
build_alias=''
datadir='${datarootdir}'
datarootdir='${prefix}/share'
docdir='${datarootdir}/doc/${PACKAGE_TARNAME}'
dvidir='${docdir}'
exec_prefix='/usr/local'
host_alias=''
htmldir='${docdir}'
includedir='${prefix}/include'
infodir='${datarootdir}/info'
libdir='/usr/local/lib'
libexecdir='${exec_prefix}/libexec'
localedir='${datarootdir}/locale'
localstatedir='${prefix}/var'
mandir='${datarootdir}/man'
oldincludedir='/usr/include'
pdfdir='${docdir}'
prefix='/usr/local'
program_transform_name='s,x,x,'
psdir='${docdir}'
sbindir='${exec_prefix}/sbin'
sharedstatedir='${prefix}/com'
sysconfdir='${prefix}/etc'
target_alias=''
tdbc_BIN_DIR='/home/pi/Downloads/tcl8.6.8/unix/pkgs/tdbc1.0.6'
tdbc_LIBRARY_PATH='/home/pi/Downloads/tcl8.6.8/pkgs/tdbc1.0.6/library'
tdbc_LIB_FILE='libtdbc1.0.6.so'
tdbc_LIB_SPEC='-L/home/pi/Downloads/tcl8.6.8/unix/pkgs/tdbc1.0.6 -ltdbc1.0.6'
tdbc_SRC_DIR='/home/pi/Downloads/tcl8.6.8/pkgs/tdbc1.0.6'
tdbc_STUB_LIB_FILE='libtdbcstub1.0.6.a'
tdbc_STUB_LIB_PATH='/home/pi/Downloads/tcl8.6.8/unix/pkgs/tdbc1.0.6/libtdbcstub1.0.6.a'
tdbc_STUB_LIB_SPEC='-L/home/pi/Downloads/tcl8.6.8/unix/pkgs/tdbc1.0.6 -ltdbcstub1.0.6'
tdbc_VERSION='1.0.6'

## ----------- ##
## confdefs.h. ##
## ----------- ##

/* confdefs.h */
#define PACKAGE_NAME "tdbcsqlite3"
#define PACKAGE_TARNAME "tdbcsqlite3"
#define PACKAGE_VERSION "1.0.6"
#define PACKAGE_STRING "tdbcsqlite3 1.0.6"
#define PACKAGE_BUGREPORT ""
#define PACKAGE_URL ""
#define BUILD_tdbcsqlite3 /**/
#define USE_THREAD_ALLOC 1
#define _REENTRANT 1
#define _THREAD_SAFE 1
#define TCL_THREADS 1
#define USE_TCL_STUBS 1
#define USE_TCLOO_STUBS 1

configure: exit 0
